<?xml version="1.0" encoding="UTF-8"?>
<robot generator="Robot 7.3.2 (Python 3.13.5 on win32)" generated="2025-07-16T14:02:17.300757" rpa="false" schemaversion="5">
<suite id="s1" name="Test" source="d:\programação\Desafio_Panda_Video\Teste E2E robot\test.robot">
<test id="s1-t1" name="Fluxo de compra completo" line="75">
<kw name="realizar login">
<kw name="abrir pagina login">
<kw name="Open Browser" owner="SeleniumLibrary">
<msg time="2025-07-16T14:02:17.706999" level="INFO">Opening browser 'firefox' to base url 'https://www.saucedemo.com/'.</msg>
<arg>${URL_sauce}</arg>
<doc>Opens a new browser instance to the optional ``url``.</doc>
<status status="PASS" start="2025-07-16T14:02:17.706645" elapsed="7.987010"/>
</kw>
<status status="PASS" start="2025-07-16T14:02:17.705838" elapsed="7.988233"/>
</kw>
<kw name="Input Text" owner="SeleniumLibrary">
<msg time="2025-07-16T14:02:25.695443" level="INFO">Typing text 'standard_user' into text field 'user-name'.</msg>
<arg>user-name</arg>
<arg>${valid_user}</arg>
<doc>Types the given ``text`` into the text field identified by ``locator``.</doc>
<status status="PASS" start="2025-07-16T14:02:25.694566" elapsed="0.107329"/>
</kw>
<kw name="Input Password" owner="SeleniumLibrary">
<msg time="2025-07-16T14:02:25.802539" level="INFO">Typing password into text field 'password'.</msg>
<msg time="2025-07-16T14:02:25.811077" level="INFO">Temporally setting log level to: NONE</msg>
<arg>password</arg>
<arg>${valid-password}</arg>
<doc>Types the given password into the text field identified by ``locator``.</doc>
<status status="PASS" start="2025-07-16T14:02:25.802191" elapsed="0.043128"/>
</kw>
<kw name="Click Button" owner="SeleniumLibrary">
<msg time="2025-07-16T14:02:25.845871" level="INFO">Clicking button 'login-button'.</msg>
<arg>login-button</arg>
<doc>Clicks the button identified by ``locator``.</doc>
<status status="PASS" start="2025-07-16T14:02:25.845609" elapsed="0.268228"/>
</kw>
<kw name="Location Should Be" owner="SeleniumLibrary">
<msg time="2025-07-16T14:02:26.117165" level="INFO">Current location is 'https://www.saucedemo.com/inventory.html'.</msg>
<arg>${URL_inventory}</arg>
<doc>Verifies that the current URL is exactly ``url``.</doc>
<status status="PASS" start="2025-07-16T14:02:26.114175" elapsed="0.003247"/>
</kw>
<status status="PASS" start="2025-07-16T14:02:17.705261" elapsed="8.412331"/>
</kw>
<kw name="adicionar backpack">
<kw name="Click Button" owner="SeleniumLibrary">
<msg time="2025-07-16T14:02:26.118687" level="INFO">Clicking button 'add-to-cart-sauce-labs-backpack'.</msg>
<arg>add-to-cart-sauce-labs-backpack</arg>
<doc>Clicks the button identified by ``locator``.</doc>
<status status="PASS" start="2025-07-16T14:02:26.118436" elapsed="0.220263"/>
</kw>
<kw name="Click Element" owner="SeleniumLibrary">
<msg time="2025-07-16T14:02:26.339464" level="INFO">Clicking element 'shopping_cart_container'.</msg>
<arg>shopping_cart_container</arg>
<doc>Click the element identified by ``locator``.</doc>
<status status="PASS" start="2025-07-16T14:02:26.339111" elapsed="0.231903"/>
</kw>
<kw name="Element Text Should Be" owner="SeleniumLibrary">
<msg time="2025-07-16T14:02:26.571503" level="WARN">Keyword 'Element Text Should Be' found both from a custom library 'SeleniumLibrary' and a standard library 'XML'. The custom keyword is used. To select explicitly, and to get rid of this warning, use either 'SeleniumLibrary.Element Text Should Be' or 'XML.Element Text Should Be'.</msg>
<msg time="2025-07-16T14:02:26.573492" level="INFO">Verifying element 'css:.inventory_item_name' contains exact text 'Sauce Labs Backpack'.</msg>
<arg>css:.inventory_item_name</arg>
<arg>${backpack_name}</arg>
<doc>Verifies that element ``locator`` contains exact the text ``expected``.</doc>
<status status="PASS" start="2025-07-16T14:02:26.571596" elapsed="0.018510"/>
</kw>
<status status="PASS" start="2025-07-16T14:02:26.118083" elapsed="0.472213"/>
</kw>
<kw name="acessar checkout">
<kw name="Click Button" owner="SeleniumLibrary">
<msg time="2025-07-16T14:02:26.591386" level="INFO">Clicking button 'checkout'.</msg>
<arg>checkout</arg>
<doc>Clicks the button identified by ``locator``.</doc>
<status status="PASS" start="2025-07-16T14:02:26.591181" elapsed="0.223782"/>
</kw>
<kw name="Location Should Be" owner="SeleniumLibrary">
<msg time="2025-07-16T14:02:26.818386" level="INFO">Current location is 'https://www.saucedemo.com/checkout-step-one.html'.</msg>
<arg>${URL_checkout_one}</arg>
<doc>Verifies that the current URL is exactly ``url``.</doc>
<status status="PASS" start="2025-07-16T14:02:26.815385" elapsed="0.003304"/>
</kw>
<status status="PASS" start="2025-07-16T14:02:26.590816" elapsed="0.228040"/>
</kw>
<kw name="preencher checkout">
<kw name="Input Text" owner="SeleniumLibrary">
<msg time="2025-07-16T14:02:26.820199" level="INFO">Typing text 'Airton' into text field 'first-name'.</msg>
<arg>first-name</arg>
<arg>${first_name}</arg>
<doc>Types the given ``text`` into the text field identified by ``locator``.</doc>
<status status="PASS" start="2025-07-16T14:02:26.819874" elapsed="0.034422"/>
</kw>
<kw name="Input Text" owner="SeleniumLibrary">
<msg time="2025-07-16T14:02:26.855004" level="INFO">Typing text 'Senna' into text field 'last-name'.</msg>
<arg>last-name</arg>
<arg>${last_name}</arg>
<doc>Types the given ``text`` into the text field identified by ``locator``.</doc>
<status status="PASS" start="2025-07-16T14:02:26.854659" elapsed="0.026505"/>
</kw>
<kw name="Input Text" owner="SeleniumLibrary">
<msg time="2025-07-16T14:02:26.881725" level="INFO">Typing text '4002-8922' into text field 'postal-code'.</msg>
<arg>postal-code</arg>
<arg>${cep}</arg>
<doc>Types the given ``text`` into the text field identified by ``locator``.</doc>
<status status="PASS" start="2025-07-16T14:02:26.881430" elapsed="0.031842"/>
</kw>
<kw name="Click Button" owner="SeleniumLibrary">
<msg time="2025-07-16T14:02:26.913873" level="INFO">Clicking button 'continue'.</msg>
<arg>continue</arg>
<doc>Clicks the button identified by ``locator``.</doc>
<status status="PASS" start="2025-07-16T14:02:26.913608" elapsed="0.224487"/>
</kw>
<kw name="Location Should Be" owner="SeleniumLibrary">
<msg time="2025-07-16T14:02:27.141517" level="INFO">Current location is 'https://www.saucedemo.com/checkout-step-two.html'.</msg>
<arg>${URL_checkout_two}</arg>
<doc>Verifies that the current URL is exactly ``url``.</doc>
<status status="PASS" start="2025-07-16T14:02:27.138463" elapsed="0.003329"/>
</kw>
<status status="PASS" start="2025-07-16T14:02:26.819477" elapsed="0.322478"/>
</kw>
<kw name="finalizar compra">
<kw name="Click Button" owner="SeleniumLibrary">
<msg time="2025-07-16T14:02:27.143021" level="INFO">Clicking button 'finish'.</msg>
<arg>finish</arg>
<doc>Clicks the button identified by ``locator``.</doc>
<status status="PASS" start="2025-07-16T14:02:27.142781" elapsed="0.228406"/>
</kw>
<kw name="Location Should Be" owner="SeleniumLibrary">
<msg time="2025-07-16T14:02:27.373906" level="INFO">Current location is 'https://www.saucedemo.com/checkout-complete.html'.</msg>
<arg>${URL_chckout_complete}</arg>
<doc>Verifies that the current URL is exactly ``url``.</doc>
<status status="PASS" start="2025-07-16T14:02:27.371535" elapsed="0.002687"/>
</kw>
<status status="PASS" start="2025-07-16T14:02:27.142432" elapsed="0.231973"/>
</kw>
<status status="PASS" start="2025-07-16T14:02:17.704046" elapsed="9.671190"/>
</test>
<doc>Primeira automação com robot</doc>
<status status="PASS" start="2025-07-16T14:02:17.307741" elapsed="10.069609"/>
</suite>
<statistics>
<total>
<stat pass="1" fail="0" skip="0">All Tests</stat>
</total>
<tag>
</tag>
<suite>
<stat name="Test" id="s1" pass="1" fail="0" skip="0">Test</stat>
</suite>
</statistics>
<errors>
<msg time="2025-07-16T14:02:26.571503" level="WARN">Keyword 'Element Text Should Be' found both from a custom library 'SeleniumLibrary' and a standard library 'XML'. The custom keyword is used. To select explicitly, and to get rid of this warning, use either 'SeleniumLibrary.Element Text Should Be' or 'XML.Element Text Should Be'.</msg>
</errors>
</robot>
